<project basedir="../../../" xmlns:au="antlib:org.apache.ant.antunit">

    <import file="project-base.xml"/>

    <target name="setUp" depends="project.cleanBuildCache"/>

    <target name="tearDown" depends="project.cleanBuildCache"/>

    <target name="test-install-ivy-clean">
        <au:assertFileDoesntExist file="${build.cache.download.dir}/ivy/ivy-${ivy.version}.jar"/>
        <ant target="project.installIvy" antfile="${ant.file}" inheritRefs="true"/>
        <au:assertFileExists file="${build.cache.download.dir}/ivy/ivy-${ivy.version}.jar"/>
        <au:assertLogDoesntContain level="warning"
            text="ivy installed at ${build.cache.download.dir}/ivy/ivy-${ivy.version}.jar"/>
    </target>

    <target name="test-install-ivy-cached">
        <au:assertFileDoesntExist file="${build.cache.download.dir}/ivy/ivy-${ivy.version}.jar"/>
        <ant target="project.installIvy" antfile="${ant.file}" inheritRefs="true"/>
        <au:assertFileExists file="${build.cache.download.dir}/ivy/ivy-${ivy.version}.jar"/>
        <au:assertLogDoesntContain level="warning" 
            text="ivy installed at ${build.cache.download.dir}/ivy/ivy-${ivy.version}.jar"/>
        <ant target="project.installIvy" antfile="${ant.file}" inheritRefs="true"/>
        <au:assertLogContains level="warning"
            text="ivy installed at ${build.cache.download.dir}/ivy/ivy-${ivy.version}.jar"/>
    </target>
</project>
